{"/Users/remmy/Desktop/fast-food/assets/js/add.js": {"path":"/Users/remmy/Desktop/fast-food/assets/js/add.js","statementMap":{"0":{"start":{"line":1,"column":0},"end":{"line":3,"column":1}},"1":{"start":{"line":2,"column":2},"end":{"line":2,"column":12}},"2":{"start":{"line":2,"column":12},"end":{"line":null,"column":-1}},"3":{"start":{"line":5,"column":14},"end":{"line":5,"column":0}},"4":{"start":{"line":7,"column":0},"end":{"line":null,"column":-1}},"5":{"start":{"line":8,"column":14},"end":{"line":8,"column":2}},"6":{"start":{"line":9,"column":15},"end":{"line":9,"column":2}},"7":{"start":{"line":10,"column":22},"end":{"line":10,"column":2}},"8":{"start":{"line":11,"column":16},"end":{"line":11,"column":2}},"9":{"start":{"line":14,"column":2},"end":{"line":null,"column":-1}},"10":{"start":{"line":27,"column":17},"end":{"line":14,"column":2}},"11":{"start":{"line":29,"column":17},"end":{"line":29,"column":6}},"12":{"start":{"line":30,"column":6},"end":{"line":39,"column":7}},"13":{"start":{"line":31,"column":23},"end":{"line":31,"column":8}},"14":{"start":{"line":32,"column":8},"end":{"line":null,"column":-1}},"15":{"start":{"line":33,"column":8},"end":{"line":null,"column":-1}},"16":{"start":{"line":34,"column":10},"end":{"line":34,"column":20}},"17":{"start":{"line":34,"column":20},"end":{"line":null,"column":-1}},"18":{"start":{"line":38,"column":8},"end":{"line":null,"column":-1}},"19":{"start":{"line":43,"column":6},"end":{"line":null,"column":-1}},"20":{"start":{"line":48,"column":14},"end":{"line":48,"column":0}},"21":{"start":{"line":49,"column":0},"end":{"line":null,"column":-1}},"22":{"start":{"line":50,"column":4},"end":{"line":56,"column":5}},"23":{"start":{"line":51,"column":8},"end":{"line":51,"column":18}},"24":{"start":{"line":51,"column":18},"end":{"line":null,"column":-1}},"25":{"start":{"line":54,"column":8},"end":{"line":null,"column":-1}},"26":{"start":{"line":55,"column":8},"end":{"line":55,"column":18}},"27":{"start":{"line":55,"column":18},"end":{"line":null,"column":-1}}},"fnMap":{"0":{"name":"(anonymous_0)","decl":{"start":{"line":7,"column":18},"end":{"line":7,"column":29}},"loc":{"start":{"line":7,"column":30},"end":{"line":7,"column":0}}},"1":{"name":"(anonymous_1)","decl":{"start":{"line":27,"column":10},"end":{"line":27,"column":16}},"loc":{"start":{"line":27,"column":17},"end":{"line":14,"column":2}}},"2":{"name":"(anonymous_2)","decl":{"start":{"line":28,"column":10},"end":{"line":28,"column":17}},"loc":{"start":{"line":28,"column":18},"end":{"line":14,"column":2}}},"3":{"name":"(anonymous_3)","decl":{"start":{"line":33,"column":19},"end":{"line":33,"column":24}},"loc":{"start":{"line":33,"column":25},"end":{"line":33,"column":8}}},"4":{"name":"(anonymous_4)","decl":{"start":{"line":42,"column":11},"end":{"line":42,"column":19}},"loc":{"start":{"line":42,"column":26},"end":{"line":14,"column":2}}},"5":{"name":"(anonymous_5)","decl":{"start":{"line":49,"column":17},"end":{"line":49,"column":26}},"loc":{"start":{"line":49,"column":27},"end":{"line":49,"column":0}}}},"branchMap":{"0":{"loc":{"start":{"line":1,"column":0},"end":{"line":3,"column":1}},"type":"if","locations":[{"start":{"line":1,"column":0},"end":{"line":3,"column":1}},{"start":{"line":1,"column":0},"end":{"line":3,"column":1}}]},"1":{"loc":{"start":{"line":30,"column":6},"end":{"line":39,"column":7}},"type":"if","locations":[{"start":{"line":30,"column":6},"end":{"line":39,"column":7}},{"start":{"line":30,"column":6},"end":{"line":39,"column":7}}]},"2":{"loc":{"start":{"line":50,"column":4},"end":{"line":56,"column":5}},"type":"if","locations":[{"start":{"line":50,"column":4},"end":{"line":56,"column":5}},{"start":{"line":50,"column":4},"end":{"line":56,"column":5}}]}},"s":{"0":0,"1":0,"2":0,"3":0,"4":0,"5":0,"6":0,"7":0,"8":0,"9":0,"10":0,"11":0,"12":0,"13":0,"14":0,"15":0,"16":0,"17":0,"18":0,"19":0,"20":0,"21":0,"22":0,"23":0,"24":0,"25":0,"26":0,"27":0},"f":{"0":0,"1":0,"2":0,"3":0,"4":0,"5":0},"b":{"0":[0,0],"1":[0,0],"2":[0,0]}}
,"/Users/remmy/Desktop/fast-food/assets/js/base.js": {"path":"/Users/remmy/Desktop/fast-food/assets/js/base.js","statementMap":{"0":{"start":{"line":1,"column":0},"end":{"line":null,"column":-1}},"1":{"start":{"line":3,"column":4},"end":{"line":10,"column":5}},"2":{"start":{"line":4,"column":6},"end":{"line":null,"column":-1}},"3":{"start":{"line":7,"column":6},"end":{"line":null,"column":-1}},"4":{"start":{"line":8,"column":6},"end":{"line":null,"column":-1}},"5":{"start":{"line":13,"column":15},"end":{"line":13,"column":0}}},"fnMap":{"0":{"name":"(anonymous_0)","decl":{"start":{"line":1,"column":16},"end":{"line":1,"column":27}},"loc":{"start":{"line":1,"column":28},"end":{"line":1,"column":0}}}},"branchMap":{"0":{"loc":{"start":{"line":3,"column":4},"end":{"line":10,"column":5}},"type":"if","locations":[{"start":{"line":3,"column":4},"end":{"line":10,"column":5}},{"start":{"line":3,"column":4},"end":{"line":10,"column":5}}]}},"s":{"0":0,"1":0,"2":0,"3":0,"4":0,"5":0},"f":{"0":0},"b":{"0":[0,0]}}
,"/Users/remmy/Desktop/fast-food/assets/js/history.js": {"path":"/Users/remmy/Desktop/fast-food/assets/js/history.js","statementMap":{"0":{"start":{"line":1,"column":0},"end":{"line":null,"column":-1}},"1":{"start":{"line":9,"column":17},"end":{"line":1,"column":0}},"2":{"start":{"line":11,"column":17},"end":{"line":11,"column":4}},"3":{"start":{"line":12,"column":4},"end":{"line":null,"column":-1}},"4":{"start":{"line":13,"column":8},"end":{"line":null,"column":-1}},"5":{"start":{"line":28,"column":4},"end":{"line":null,"column":-1}},"6":{"start":{"line":32,"column":8},"end":{"line":null,"column":-1}},"7":{"start":{"line":36,"column":15},"end":{"line":36,"column":2}},"8":{"start":{"line":37,"column":2},"end":{"line":null,"column":-1}},"9":{"start":{"line":38,"column":4},"end":{"line":45,"column":5}},"10":{"start":{"line":39,"column":8},"end":{"line":39,"column":18}},"11":{"start":{"line":39,"column":18},"end":{"line":null,"column":-1}},"12":{"start":{"line":43,"column":8},"end":{"line":null,"column":-1}},"13":{"start":{"line":44,"column":8},"end":{"line":44,"column":18}},"14":{"start":{"line":44,"column":18},"end":{"line":null,"column":-1}}},"fnMap":{"0":{"name":"(anonymous_0)","decl":{"start":{"line":9,"column":10},"end":{"line":9,"column":16}},"loc":{"start":{"line":9,"column":17},"end":{"line":1,"column":0}}},"1":{"name":"(anonymous_1)","decl":{"start":{"line":10,"column":10},"end":{"line":10,"column":17}},"loc":{"start":{"line":10,"column":18},"end":{"line":1,"column":0}}},"2":{"name":"(anonymous_2)","decl":{"start":{"line":12,"column":27},"end":{"line":12,"column":34}},"loc":{"start":{"line":12,"column":35},"end":{"line":12,"column":4}}},"3":{"name":"(anonymous_3)","decl":{"start":{"line":31,"column":11},"end":{"line":31,"column":19}},"loc":{"start":{"line":31,"column":26},"end":{"line":1,"column":0}}},"4":{"name":"(anonymous_4)","decl":{"start":{"line":37,"column":19},"end":{"line":37,"column":28}},"loc":{"start":{"line":37,"column":29},"end":{"line":37,"column":2}}}},"branchMap":{"0":{"loc":{"start":{"line":16,"column":28},"end":{"line":16,"column":47}},"type":"binary-expr","locations":[{"start":{"line":16,"column":28},"end":{"line":16,"column":47}},{"start":{"line":16,"column":48},"end":{"line":16,"column":66}}]},"1":{"loc":{"start":{"line":38,"column":4},"end":{"line":45,"column":5}},"type":"if","locations":[{"start":{"line":38,"column":4},"end":{"line":45,"column":5}},{"start":{"line":38,"column":4},"end":{"line":45,"column":5}}]}},"s":{"0":0,"1":0,"2":0,"3":0,"4":0,"5":0,"6":0,"7":0,"8":0,"9":0,"10":0,"11":0,"12":0,"13":0,"14":0},"f":{"0":0,"1":0,"2":0,"3":0,"4":0},"b":{"0":[0,0],"1":[0,0]}}
,"/Users/remmy/Desktop/fast-food/assets/js/login.js": {"path":"/Users/remmy/Desktop/fast-food/assets/js/login.js","statementMap":{"0":{"start":{"line":1,"column":12},"end":{"line":1,"column":0}},"1":{"start":{"line":3,"column":0},"end":{"line":null,"column":-1}},"2":{"start":{"line":4,"column":19},"end":{"line":4,"column":4}},"3":{"start":{"line":5,"column":19},"end":{"line":5,"column":4}},"4":{"start":{"line":7,"column":4},"end":{"line":null,"column":-1}},"5":{"start":{"line":20,"column":17},"end":{"line":7,"column":4}},"6":{"start":{"line":22,"column":18},"end":{"line":22,"column":8}},"7":{"start":{"line":23,"column":8},"end":{"line":41,"column":9}},"8":{"start":{"line":24,"column":12},"end":{"line":null,"column":-1}},"9":{"start":{"line":25,"column":12},"end":{"line":null,"column":-1}},"10":{"start":{"line":26,"column":12},"end":{"line":null,"column":-1}},"11":{"start":{"line":27,"column":12},"end":{"line":null,"column":-1}},"12":{"start":{"line":28,"column":12},"end":{"line":null,"column":-1}},"13":{"start":{"line":29,"column":23},"end":{"line":29,"column":12}},"14":{"start":{"line":30,"column":12},"end":{"line":35,"column":13}},"15":{"start":{"line":31,"column":16},"end":{"line":31,"column":26}},"16":{"start":{"line":31,"column":26},"end":{"line":null,"column":-1}},"17":{"start":{"line":34,"column":16},"end":{"line":34,"column":26}},"18":{"start":{"line":34,"column":26},"end":{"line":null,"column":-1}},"19":{"start":{"line":39,"column":12},"end":{"line":null,"column":-1}},"20":{"start":{"line":40,"column":12},"end":{"line":null,"column":-1}},"21":{"start":{"line":44,"column":8},"end":{"line":null,"column":-1}}},"fnMap":{"0":{"name":"(anonymous_0)","decl":{"start":{"line":3,"column":16},"end":{"line":3,"column":25}},"loc":{"start":{"line":3,"column":26},"end":{"line":3,"column":0}}},"1":{"name":"(anonymous_1)","decl":{"start":{"line":20,"column":10},"end":{"line":20,"column":16}},"loc":{"start":{"line":20,"column":17},"end":{"line":7,"column":4}}},"2":{"name":"(anonymous_2)","decl":{"start":{"line":21,"column":10},"end":{"line":21,"column":17}},"loc":{"start":{"line":21,"column":18},"end":{"line":7,"column":4}}},"3":{"name":"(anonymous_3)","decl":{"start":{"line":43,"column":11},"end":{"line":43,"column":19}},"loc":{"start":{"line":43,"column":26},"end":{"line":7,"column":4}}}},"branchMap":{"0":{"loc":{"start":{"line":23,"column":8},"end":{"line":41,"column":9}},"type":"if","locations":[{"start":{"line":23,"column":8},"end":{"line":41,"column":9}},{"start":{"line":23,"column":8},"end":{"line":41,"column":9}}]},"1":{"loc":{"start":{"line":30,"column":12},"end":{"line":35,"column":13}},"type":"if","locations":[{"start":{"line":30,"column":12},"end":{"line":35,"column":13}},{"start":{"line":30,"column":12},"end":{"line":35,"column":13}}]}},"s":{"0":0,"1":0,"2":0,"3":0,"4":0,"5":0,"6":0,"7":0,"8":0,"9":0,"10":0,"11":0,"12":0,"13":0,"14":0,"15":0,"16":0,"17":0,"18":0,"19":0,"20":0,"21":0},"f":{"0":0,"1":0,"2":0,"3":0},"b":{"0":[0,0],"1":[0,0]}}
,"/Users/remmy/Desktop/fast-food/assets/js/meals.js": {"path":"/Users/remmy/Desktop/fast-food/assets/js/meals.js","statementMap":{"0":{"start":{"line":1,"column":0},"end":{"line":null,"column":-1}},"1":{"start":{"line":9,"column":13},"end":{"line":1,"column":0}},"2":{"start":{"line":11,"column":17},"end":{"line":11,"column":4}},"3":{"start":{"line":12,"column":4},"end":{"line":null,"column":-1}},"4":{"start":{"line":13,"column":4},"end":{"line":null,"column":-1}},"5":{"start":{"line":30,"column":4},"end":{"line":null,"column":-1}},"6":{"start":{"line":34,"column":4},"end":{"line":null,"column":-1}},"7":{"start":{"line":39,"column":0},"end":{"line":null,"column":-1}},"8":{"start":{"line":48,"column":11},"end":{"line":39,"column":0}},"9":{"start":{"line":50,"column":4},"end":{"line":null,"column":-1}},"10":{"start":{"line":51,"column":4},"end":{"line":51,"column":14}},"11":{"start":{"line":51,"column":14},"end":{"line":null,"column":-1}},"12":{"start":{"line":54,"column":4},"end":{"line":null,"column":-1}},"13":{"start":{"line":58,"column":14},"end":{"line":58,"column":0}},"14":{"start":{"line":59,"column":0},"end":{"line":null,"column":-1}},"15":{"start":{"line":60,"column":4},"end":{"line":66,"column":5}},"16":{"start":{"line":61,"column":8},"end":{"line":61,"column":18}},"17":{"start":{"line":61,"column":18},"end":{"line":null,"column":-1}},"18":{"start":{"line":64,"column":8},"end":{"line":null,"column":-1}},"19":{"start":{"line":65,"column":8},"end":{"line":65,"column":18}},"20":{"start":{"line":65,"column":18},"end":{"line":null,"column":-1}}},"fnMap":{"0":{"name":"(anonymous_0)","decl":{"start":{"line":9,"column":6},"end":{"line":9,"column":12}},"loc":{"start":{"line":9,"column":13},"end":{"line":1,"column":0}}},"1":{"name":"(anonymous_1)","decl":{"start":{"line":10,"column":6},"end":{"line":10,"column":13}},"loc":{"start":{"line":10,"column":14},"end":{"line":1,"column":0}}},"2":{"name":"(anonymous_2)","decl":{"start":{"line":12,"column":31},"end":{"line":12,"column":38}},"loc":{"start":{"line":12,"column":39},"end":{"line":12,"column":4}}},"3":{"name":"(anonymous_3)","decl":{"start":{"line":33,"column":7},"end":{"line":33,"column":15}},"loc":{"start":{"line":33,"column":22},"end":{"line":1,"column":0}}},"4":{"name":"delete_order","decl":{"start":{"line":38,"column":9},"end":{"line":38,"column":0}},"loc":{"start":{"line":38,"column":25},"end":{"line":56,"column":1}}},"5":{"name":"(anonymous_5)","decl":{"start":{"line":48,"column":6},"end":{"line":48,"column":10}},"loc":{"start":{"line":48,"column":11},"end":{"line":39,"column":0}}},"6":{"name":"(anonymous_6)","decl":{"start":{"line":49,"column":6},"end":{"line":49,"column":12}},"loc":{"start":{"line":49,"column":13},"end":{"line":39,"column":0}}},"7":{"name":"(anonymous_7)","decl":{"start":{"line":53,"column":7},"end":{"line":53,"column":15}},"loc":{"start":{"line":53,"column":22},"end":{"line":39,"column":0}}},"8":{"name":"(anonymous_8)","decl":{"start":{"line":59,"column":17},"end":{"line":59,"column":26}},"loc":{"start":{"line":59,"column":27},"end":{"line":59,"column":0}}}},"branchMap":{"0":{"loc":{"start":{"line":16,"column":28},"end":{"line":16,"column":47}},"type":"binary-expr","locations":[{"start":{"line":16,"column":28},"end":{"line":16,"column":47}},{"start":{"line":16,"column":48},"end":{"line":16,"column":66}}]},"1":{"loc":{"start":{"line":60,"column":4},"end":{"line":66,"column":5}},"type":"if","locations":[{"start":{"line":60,"column":4},"end":{"line":66,"column":5}},{"start":{"line":60,"column":4},"end":{"line":66,"column":5}}]}},"s":{"0":0,"1":0,"2":0,"3":0,"4":0,"5":0,"6":0,"7":0,"8":0,"9":0,"10":0,"11":0,"12":0,"13":0,"14":0,"15":0,"16":0,"17":0,"18":0,"19":0,"20":0},"f":{"0":0,"1":0,"2":0,"3":0,"4":0,"5":0,"6":0,"7":0,"8":0},"b":{"0":[0,0],"1":[0,0]}}
,"/Users/remmy/Desktop/fast-food/assets/js/menu.js": {"path":"/Users/remmy/Desktop/fast-food/assets/js/menu.js","statementMap":{"0":{"start":{"line":2,"column":0},"end":{"line":10,"column":1}},"1":{"start":{"line":3,"column":2},"end":{"line":null,"column":-1}},"2":{"start":{"line":4,"column":2},"end":{"line":null,"column":-1}},"3":{"start":{"line":5,"column":2},"end":{"line":null,"column":-1}},"4":{"start":{"line":6,"column":2},"end":{"line":null,"column":-1}},"5":{"start":{"line":7,"column":2},"end":{"line":null,"column":-1}},"6":{"start":{"line":8,"column":4},"end":{"line":null,"column":-1}},"7":{"start":{"line":14,"column":0},"end":{"line":null,"column":-1}},"8":{"start":{"line":21,"column":15},"end":{"line":14,"column":0}},"9":{"start":{"line":23,"column":17},"end":{"line":23,"column":4}},"10":{"start":{"line":25,"column":4},"end":{"line":null,"column":-1}},"11":{"start":{"line":26,"column":6},"end":{"line":null,"column":-1}},"12":{"start":{"line":42,"column":4},"end":{"line":null,"column":-1}},"13":{"start":{"line":46,"column":4},"end":{"line":null,"column":-1}},"14":{"start":{"line":50,"column":21},"end":{"line":50,"column":0}},"15":{"start":{"line":53,"column":2},"end":{"line":72,"column":3}},"16":{"start":{"line":54,"column":4},"end":{"line":null,"column":-1}},"17":{"start":{"line":55,"column":4},"end":{"line":55,"column":14}},"18":{"start":{"line":55,"column":14},"end":{"line":null,"column":-1}},"19":{"start":{"line":58,"column":19},"end":{"line":58,"column":4}},"20":{"start":{"line":68,"column":4},"end":{"line":70,"column":5}},"21":{"start":{"line":69,"column":6},"end":{"line":null,"column":-1}},"22":{"start":{"line":71,"column":4},"end":{"line":null,"column":-1}},"23":{"start":{"line":76,"column":2},"end":{"line":null,"column":-1}},"24":{"start":{"line":77,"column":4},"end":{"line":null,"column":-1}},"25":{"start":{"line":78,"column":4},"end":{"line":null,"column":-1}},"26":{"start":{"line":79,"column":4},"end":{"line":null,"column":-1}},"27":{"start":{"line":80,"column":4},"end":{"line":null,"column":-1}},"28":{"start":{"line":86,"column":2},"end":{"line":null,"column":-1}},"29":{"start":{"line":87,"column":2},"end":{"line":null,"column":-1}},"30":{"start":{"line":89,"column":2},"end":{"line":null,"column":-1}},"31":{"start":{"line":90,"column":4},"end":{"line":null,"column":-1}},"32":{"start":{"line":96,"column":8},"end":{"line":96,"column":2}},"33":{"start":{"line":97,"column":6},"end":{"line":null,"column":-1}},"34":{"start":{"line":102,"column":4},"end":{"line":128,"column":3}},"35":{"start":{"line":103,"column":4},"end":{"line":null,"column":-1}},"36":{"start":{"line":104,"column":4},"end":{"line":104,"column":14}},"37":{"start":{"line":104,"column":14},"end":{"line":null,"column":-1}},"38":{"start":{"line":108,"column":4},"end":{"line":null,"column":-1}},"39":{"start":{"line":120,"column":19},"end":{"line":108,"column":4}},"40":{"start":{"line":122,"column":8},"end":{"line":null,"column":-1}},"41":{"start":{"line":123,"column":8},"end":{"line":123,"column":18}},"42":{"start":{"line":123,"column":18},"end":{"line":null,"column":-1}},"43":{"start":{"line":126,"column":6},"end":{"line":null,"column":-1}},"44":{"start":{"line":135,"column":13},"end":{"line":135,"column":0}},"45":{"start":{"line":136,"column":0},"end":{"line":null,"column":-1}},"46":{"start":{"line":137,"column":2},"end":{"line":143,"column":3}},"47":{"start":{"line":138,"column":4},"end":{"line":138,"column":14}},"48":{"start":{"line":138,"column":14},"end":{"line":null,"column":-1}},"49":{"start":{"line":141,"column":4},"end":{"line":null,"column":-1}},"50":{"start":{"line":142,"column":4},"end":{"line":142,"column":14}},"51":{"start":{"line":142,"column":14},"end":{"line":null,"column":-1}}},"fnMap":{"0":{"name":"(anonymous_0)","decl":{"start":{"line":7,"column":13},"end":{"line":7,"column":18}},"loc":{"start":{"line":7,"column":19},"end":{"line":7,"column":2}}},"1":{"name":"(anonymous_1)","decl":{"start":{"line":21,"column":8},"end":{"line":21,"column":14}},"loc":{"start":{"line":21,"column":15},"end":{"line":14,"column":0}}},"2":{"name":"(anonymous_2)","decl":{"start":{"line":22,"column":8},"end":{"line":22,"column":15}},"loc":{"start":{"line":22,"column":16},"end":{"line":14,"column":0}}},"3":{"name":"(anonymous_3)","decl":{"start":{"line":25,"column":31},"end":{"line":25,"column":38}},"loc":{"start":{"line":25,"column":39},"end":{"line":25,"column":4}}},"4":{"name":"(anonymous_4)","decl":{"start":{"line":45,"column":9},"end":{"line":45,"column":17}},"loc":{"start":{"line":45,"column":24},"end":{"line":14,"column":0}}},"5":{"name":"checkout","decl":{"start":{"line":52,"column":9},"end":{"line":52,"column":0}},"loc":{"start":{"line":52,"column":31},"end":{"line":73,"column":1}}},"6":{"name":"total","decl":{"start":{"line":75,"column":9},"end":{"line":75,"column":0}},"loc":{"start":{"line":75,"column":21},"end":{"line":82,"column":1}}},"7":{"name":"getTotal","decl":{"start":{"line":76,"column":18},"end":{"line":76,"column":9}},"loc":{"start":{"line":76,"column":29},"end":{"line":76,"column":2}}},"8":{"name":"cart","decl":{"start":{"line":84,"column":9},"end":{"line":84,"column":0}},"loc":{"start":{"line":84,"column":16},"end":{"line":92,"column":1}}},"9":{"name":"(anonymous_9)","decl":{"start":{"line":89,"column":38},"end":{"line":89,"column":36}},"loc":{"start":{"line":89,"column":47},"end":{"line":89,"column":2}}},"10":{"name":"deleteOrder","decl":{"start":{"line":95,"column":9},"end":{"line":95,"column":0}},"loc":{"start":{"line":95,"column":26},"end":{"line":98,"column":2}}},"11":{"name":"chickout","decl":{"start":{"line":101,"column":9},"end":{"line":101,"column":0}},"loc":{"start":{"line":101,"column":24},"end":{"line":130,"column":1}}},"12":{"name":"(anonymous_12)","decl":{"start":{"line":120,"column":12},"end":{"line":120,"column":18}},"loc":{"start":{"line":120,"column":19},"end":{"line":108,"column":4}}},"13":{"name":"(anonymous_13)","decl":{"start":{"line":121,"column":12},"end":{"line":121,"column":19}},"loc":{"start":{"line":121,"column":20},"end":{"line":108,"column":4}}},"14":{"name":"(anonymous_14)","decl":{"start":{"line":125,"column":11},"end":{"line":125,"column":19}},"loc":{"start":{"line":125,"column":26},"end":{"line":108,"column":4}}},"15":{"name":"(anonymous_15)","decl":{"start":{"line":136,"column":17},"end":{"line":136,"column":28}},"loc":{"start":{"line":136,"column":29},"end":{"line":136,"column":0}}}},"branchMap":{"0":{"loc":{"start":{"line":2,"column":0},"end":{"line":10,"column":1}},"type":"if","locations":[{"start":{"line":2,"column":0},"end":{"line":10,"column":1}},{"start":{"line":2,"column":0},"end":{"line":10,"column":1}}]},"1":{"loc":{"start":{"line":29,"column":28},"end":{"line":29,"column":47}},"type":"binary-expr","locations":[{"start":{"line":29,"column":28},"end":{"line":29,"column":47}},{"start":{"line":29,"column":48},"end":{"line":29,"column":66}}]},"2":{"loc":{"start":{"line":53,"column":2},"end":{"line":72,"column":3}},"type":"if","locations":[{"start":{"line":53,"column":2},"end":{"line":72,"column":3}},{"start":{"line":53,"column":2},"end":{"line":72,"column":3}}]},"3":{"loc":{"start":{"line":68,"column":4},"end":{"line":70,"column":5}},"type":"if","locations":[{"start":{"line":68,"column":4},"end":{"line":70,"column":5}},{"start":{"line":68,"column":4},"end":{"line":70,"column":5}}]},"4":{"loc":{"start":{"line":102,"column":4},"end":{"line":128,"column":3}},"type":"if","locations":[{"start":{"line":102,"column":4},"end":{"line":128,"column":3}},{"start":{"line":102,"column":4},"end":{"line":128,"column":3}}]},"5":{"loc":{"start":{"line":137,"column":2},"end":{"line":143,"column":3}},"type":"if","locations":[{"start":{"line":137,"column":2},"end":{"line":143,"column":3}},{"start":{"line":137,"column":2},"end":{"line":143,"column":3}}]}},"s":{"0":0,"1":0,"2":0,"3":0,"4":0,"5":0,"6":0,"7":0,"8":0,"9":0,"10":0,"11":0,"12":0,"13":0,"14":0,"15":0,"16":0,"17":0,"18":0,"19":0,"20":0,"21":0,"22":0,"23":0,"24":0,"25":0,"26":0,"27":0,"28":0,"29":0,"30":0,"31":0,"32":0,"33":0,"34":0,"35":0,"36":0,"37":0,"38":0,"39":0,"40":0,"41":0,"42":0,"43":0,"44":0,"45":0,"46":0,"47":0,"48":0,"49":0,"50":0,"51":0},"f":{"0":0,"1":0,"2":0,"3":0,"4":0,"5":0,"6":0,"7":0,"8":0,"9":0,"10":0,"11":0,"12":0,"13":0,"14":0,"15":0},"b":{"0":[0,0],"1":[0,0],"2":[0,0],"3":[0,0],"4":[0,0],"5":[0,0]}}
,"/Users/remmy/Desktop/fast-food/assets/js/orders.js": {"path":"/Users/remmy/Desktop/fast-food/assets/js/orders.js","statementMap":{"0":{"start":{"line":1,"column":0},"end":{"line":null,"column":-1}},"1":{"start":{"line":9,"column":15},"end":{"line":1,"column":0}},"2":{"start":{"line":11,"column":18},"end":{"line":11,"column":4}},"3":{"start":{"line":21,"column":4},"end":{"line":null,"column":-1}},"4":{"start":{"line":22,"column":21},"end":{"line":22,"column":6}},"5":{"start":{"line":23,"column":6},"end":{"line":null,"column":-1}},"6":{"start":{"line":44,"column":4},"end":{"line":null,"column":-1}},"7":{"start":{"line":47,"column":4},"end":{"line":null,"column":-1}},"8":{"start":{"line":48,"column":19},"end":{"line":48,"column":4}},"9":{"start":{"line":49,"column":4},"end":{"line":null,"column":-1}},"10":{"start":{"line":53,"column":4},"end":{"line":null,"column":-1}},"11":{"start":{"line":57,"column":14},"end":{"line":57,"column":0}},"12":{"start":{"line":58,"column":0},"end":{"line":63,"column":4}},"13":{"start":{"line":59,"column":2},"end":{"line":null,"column":-1}},"14":{"start":{"line":60,"column":4},"end":{"line":null,"column":-1}},"15":{"start":{"line":67,"column":4},"end":{"line":null,"column":-1}},"16":{"start":{"line":78,"column":15},"end":{"line":67,"column":4}},"17":{"start":{"line":80,"column":6},"end":{"line":null,"column":-1}},"18":{"start":{"line":85,"column":6},"end":{"line":null,"column":-1}},"19":{"start":{"line":89,"column":14},"end":{"line":89,"column":0}},"20":{"start":{"line":90,"column":0},"end":{"line":null,"column":-1}},"21":{"start":{"line":91,"column":4},"end":{"line":97,"column":5}},"22":{"start":{"line":92,"column":8},"end":{"line":92,"column":18}},"23":{"start":{"line":92,"column":18},"end":{"line":null,"column":-1}},"24":{"start":{"line":95,"column":8},"end":{"line":null,"column":-1}},"25":{"start":{"line":96,"column":8},"end":{"line":96,"column":18}},"26":{"start":{"line":96,"column":18},"end":{"line":null,"column":-1}}},"fnMap":{"0":{"name":"(anonymous_0)","decl":{"start":{"line":9,"column":8},"end":{"line":9,"column":14}},"loc":{"start":{"line":9,"column":15},"end":{"line":1,"column":0}}},"1":{"name":"(anonymous_1)","decl":{"start":{"line":10,"column":8},"end":{"line":10,"column":15}},"loc":{"start":{"line":10,"column":16},"end":{"line":1,"column":0}}},"2":{"name":"(anonymous_2)","decl":{"start":{"line":21,"column":27},"end":{"line":21,"column":33}},"loc":{"start":{"line":21,"column":34},"end":{"line":21,"column":4}}},"3":{"name":"(anonymous_3)","decl":{"start":{"line":52,"column":9},"end":{"line":52,"column":17}},"loc":{"start":{"line":52,"column":24},"end":{"line":1,"column":0}}},"4":{"name":"status_listener","decl":{"start":{"line":56,"column":9},"end":{"line":56,"column":0}},"loc":{"start":{"line":56,"column":28},"end":{"line":64,"column":1}}},"5":{"name":"(anonymous_5)","decl":{"start":{"line":59,"column":36},"end":{"line":59,"column":45}},"loc":{"start":{"line":59,"column":46},"end":{"line":59,"column":2}}},"6":{"name":"update_status","decl":{"start":{"line":66,"column":9},"end":{"line":66,"column":0}},"loc":{"start":{"line":66,"column":34},"end":{"line":87,"column":1}}},"7":{"name":"(anonymous_7)","decl":{"start":{"line":78,"column":10},"end":{"line":78,"column":14}},"loc":{"start":{"line":78,"column":15},"end":{"line":67,"column":4}}},"8":{"name":"(anonymous_8)","decl":{"start":{"line":79,"column":10},"end":{"line":79,"column":16}},"loc":{"start":{"line":79,"column":17},"end":{"line":67,"column":4}}},"9":{"name":"(anonymous_9)","decl":{"start":{"line":84,"column":11},"end":{"line":84,"column":19}},"loc":{"start":{"line":84,"column":26},"end":{"line":67,"column":4}}},"10":{"name":"(anonymous_10)","decl":{"start":{"line":90,"column":17},"end":{"line":90,"column":26}},"loc":{"start":{"line":90,"column":27},"end":{"line":90,"column":0}}}},"branchMap":{"0":{"loc":{"start":{"line":91,"column":4},"end":{"line":97,"column":5}},"type":"if","locations":[{"start":{"line":91,"column":4},"end":{"line":97,"column":5}},{"start":{"line":91,"column":4},"end":{"line":97,"column":5}}]}},"s":{"0":0,"1":0,"2":0,"3":0,"4":0,"5":0,"6":0,"7":0,"8":0,"9":0,"10":0,"11":0,"12":0,"13":0,"14":0,"15":0,"16":0,"17":0,"18":0,"19":0,"20":0,"21":0,"22":0,"23":0,"24":0,"25":0,"26":0},"f":{"0":0,"1":0,"2":0,"3":0,"4":0,"5":0,"6":0,"7":0,"8":0,"9":0,"10":0},"b":{"0":[0,0]}}
,"/Users/remmy/Desktop/fast-food/assets/js/scripts.js": {"path":"/Users/remmy/Desktop/fast-food/assets/js/scripts.js","statementMap":{"0":{"start":{"line":1,"column":0},"end":{"line":null,"column":-1}},"1":{"start":{"line":1,"column":30},"end":{"line":null,"column":-1}},"2":{"start":{"line":2,"column":12},"end":{"line":2,"column":0}},"3":{"start":{"line":3,"column":13},"end":{"line":3,"column":0}},"4":{"start":{"line":6,"column":4},"end":{"line":12,"column":5}},"5":{"start":{"line":7,"column":8},"end":{"line":null,"column":-1}},"6":{"start":{"line":11,"column":8},"end":{"line":null,"column":-1}}},"fnMap":{"0":{"name":"(anonymous_0)","decl":{"start":{"line":1,"column":18},"end":{"line":1,"column":28}},"loc":{"start":{"line":1,"column":29},"end":{"line":1,"column":0}}},"1":{"name":"myFunction","decl":{"start":{"line":5,"column":9},"end":{"line":5,"column":0}},"loc":{"start":{"line":5,"column":22},"end":{"line":13,"column":1}}}},"branchMap":{"0":{"loc":{"start":{"line":6,"column":4},"end":{"line":12,"column":5}},"type":"if","locations":[{"start":{"line":6,"column":4},"end":{"line":12,"column":5}},{"start":{"line":6,"column":4},"end":{"line":12,"column":5}}]}},"s":{"0":0,"1":0,"2":0,"3":0,"4":0,"5":0,"6":0},"f":{"0":0,"1":0},"b":{"0":[0,0]}}
,"/Users/remmy/Desktop/fast-food/assets/js/signup.js": {"path":"/Users/remmy/Desktop/fast-food/assets/js/signup.js","statementMap":{"0":{"start":{"line":1,"column":13},"end":{"line":1,"column":0}},"1":{"start":{"line":3,"column":0},"end":{"line":null,"column":-1}},"2":{"start":{"line":4,"column":19},"end":{"line":4,"column":2}},"3":{"start":{"line":5,"column":16},"end":{"line":5,"column":2}},"4":{"start":{"line":6,"column":19},"end":{"line":6,"column":2}},"5":{"start":{"line":9,"column":2},"end":{"line":null,"column":-1}},"6":{"start":{"line":23,"column":17},"end":{"line":9,"column":2}},"7":{"start":{"line":25,"column":6},"end":{"line":53,"column":7}},"8":{"start":{"line":26,"column":8},"end":{"line":null,"column":-1}},"9":{"start":{"line":27,"column":8},"end":{"line":null,"column":-1}},"10":{"start":{"line":28,"column":8},"end":{"line":null,"column":-1}},"11":{"start":{"line":29,"column":8},"end":{"line":null,"column":-1}},"12":{"start":{"line":30,"column":8},"end":{"line":30,"column":18}},"13":{"start":{"line":30,"column":18},"end":{"line":null,"column":-1}},"14":{"start":{"line":33,"column":11},"end":{"line":53,"column":7}},"15":{"start":{"line":34,"column":8},"end":{"line":null,"column":-1}},"16":{"start":{"line":35,"column":8},"end":{"line":null,"column":-1}},"17":{"start":{"line":36,"column":8},"end":{"line":null,"column":-1}},"18":{"start":{"line":40,"column":11},"end":{"line":53,"column":7}},"19":{"start":{"line":41,"column":8},"end":{"line":null,"column":-1}},"20":{"start":{"line":42,"column":8},"end":{"line":null,"column":-1}},"21":{"start":{"line":43,"column":8},"end":{"line":null,"column":-1}},"22":{"start":{"line":48,"column":8},"end":{"line":null,"column":-1}},"23":{"start":{"line":49,"column":8},"end":{"line":null,"column":-1}},"24":{"start":{"line":50,"column":8},"end":{"line":null,"column":-1}},"25":{"start":{"line":51,"column":8},"end":{"line":null,"column":-1}},"26":{"start":{"line":59,"column":6},"end":{"line":null,"column":-1}}},"fnMap":{"0":{"name":"(anonymous_0)","decl":{"start":{"line":3,"column":17},"end":{"line":3,"column":28}},"loc":{"start":{"line":3,"column":29},"end":{"line":3,"column":0}}},"1":{"name":"(anonymous_1)","decl":{"start":{"line":23,"column":10},"end":{"line":23,"column":16}},"loc":{"start":{"line":23,"column":17},"end":{"line":9,"column":2}}},"2":{"name":"(anonymous_2)","decl":{"start":{"line":24,"column":10},"end":{"line":24,"column":17}},"loc":{"start":{"line":24,"column":18},"end":{"line":9,"column":2}}},"3":{"name":"(anonymous_3)","decl":{"start":{"line":58,"column":11},"end":{"line":58,"column":19}},"loc":{"start":{"line":58,"column":26},"end":{"line":9,"column":2}}}},"branchMap":{"0":{"loc":{"start":{"line":25,"column":6},"end":{"line":53,"column":7}},"type":"if","locations":[{"start":{"line":25,"column":6},"end":{"line":53,"column":7}},{"start":{"line":25,"column":6},"end":{"line":53,"column":7}}]},"1":{"loc":{"start":{"line":33,"column":11},"end":{"line":53,"column":7}},"type":"if","locations":[{"start":{"line":33,"column":11},"end":{"line":53,"column":7}},{"start":{"line":33,"column":11},"end":{"line":53,"column":7}}]},"2":{"loc":{"start":{"line":40,"column":11},"end":{"line":53,"column":7}},"type":"if","locations":[{"start":{"line":40,"column":11},"end":{"line":53,"column":7}},{"start":{"line":40,"column":11},"end":{"line":53,"column":7}}]}},"s":{"0":0,"1":0,"2":0,"3":0,"4":0,"5":0,"6":0,"7":0,"8":0,"9":0,"10":0,"11":0,"12":0,"13":0,"14":0,"15":0,"16":0,"17":0,"18":0,"19":0,"20":0,"21":0,"22":0,"23":0,"24":0,"25":0,"26":0},"f":{"0":0,"1":0,"2":0,"3":0},"b":{"0":[0,0],"1":[0,0],"2":[0,0]}}
}
